2020-05-08 10:05:24,974 - FileParser - INFO - D:\learn\AutoUpLoad\data\笔记套图\notes.ini
2020-05-08 10:05:24,974 - FileParser - ERROR - 文件名不存在,请检查配置!
Traceback (most recent call last):
  File "D:\learn\AutoUpLoad\common\FileParsing.py", line 18, in __init__
    self.config.read(fileName, encoding='gbk')
  File "D:\python3.7.2\lib\configparser.py", line 696, in read
    self._read(fp, filename)
  File "D:\python3.7.2\lib\configparser.py", line 1014, in _read
    for lineno, line in enumerate(fp, start=1):
UnicodeDecodeError: 'gbk' codec can't decode byte 0xaf in position 115: illegal multibyte sequence
2020-05-08 10:05:24,978 - ocweb - INFO - oc_web登录的url为：https://oc-api-uat.nailtutu.com/oauth/login
2020-05-08 10:05:24,978 - ocweb - INFO - 账号【admin@sunvalley.com.cn】开始登录oc_web......
2020-05-08 10:05:24,978 - ocweb - INFO - 请求的参数为:{'client_id': 'd6165bbf3d804c6196c0c6d7201de970', 'client_secret': '25f9e794323b453885f5181f1b624d0b', 'scope': 'all', 'grant_type': 'password', 'email': 'admin@sunvalley.com.cn', 'password': '7d3b32520a0dfa5b64055b1c1a0981d1', 'auth_type': 'email_password'}
2020-05-08 10:05:26,234 - ocweb - INFO - 返回的参数为:{'stateCode': 200, 'stateMsg': 'OK', 'data': {'access_token': '7a5fdab7-d28d-438d-ad7c-8a55170aa149', 'token_type': 'bearer', 'refresh_token': '9e2f4464-ea57-42db-b441-cc3be3f4079b', 'expires_in': 2528264, 'scope': 'all'}}
2020-05-08 10:05:26,239 - single - INFO - 上传-单图(缩略图自适应版)的URL为:https://oc-api-uat.nailtutu.com/file/picture-upload/single?timeStamp=20200508100526&access_token=7a5fdab7-d28d-438d-ad7c-8a55170aa149
2020-05-08 10:05:26,240 - single - INFO - 请求参数为{'targetid': '4305685b17aa11e9b53f005056ad4128', 'sizes': '240x360', 'with': 100, 'height': 100, 'dpi': 120, 'quality': 0.95, 'proportion': 3}
2020-05-08 10:05:26,931 - single - INFO - 返回值为：{'stateCode': 200, 'stateMsg': 'OK', 'data': {'pictureUrl': '/tutu/system/20200508100526826_019325.jpg', 'thumbnailPictureUrl': '/tutu/system/20200508100526826_019325.jpg_100x100.jpg', 'standardPictureUrl': '', 'pictureName': 'T336F_01.jpg', 'pictureWidth': 600, 'pictureHeight': 900, 'stateMsg': '', 'taskId': ''}}
2020-05-08 10:05:26,934 - single - INFO - 请求参数为{'targetid': '4305685b17aa11e9b53f005056ad4128', 'sizes': '240x360', 'with': 100, 'height': 100, 'dpi': 120, 'quality': 0.95, 'proportion': 3}
2020-05-08 10:05:27,688 - single - INFO - 返回值为：{'stateCode': 200, 'stateMsg': 'OK', 'data': {'pictureUrl': '/tutu/system/20200508100527616_392591.jpg', 'thumbnailPictureUrl': '/tutu/system/20200508100527616_392591.jpg_100x100.jpg', 'standardPictureUrl': '', 'pictureName': 'T336F_02.jpg', 'pictureWidth': 600, 'pictureHeight': 900, 'stateMsg': '', 'taskId': ''}}
2020-05-08 10:05:27,690 - single - INFO - 请求参数为{'targetid': '4305685b17aa11e9b53f005056ad4128', 'sizes': '240x360', 'with': 100, 'height': 100, 'dpi': 120, 'quality': 0.95, 'proportion': 3}
2020-05-08 10:05:28,878 - single - INFO - 返回值为：{'stateCode': 200, 'stateMsg': 'OK', 'data': {'pictureUrl': '/tutu/system/20200508100528805_811858.jpg', 'thumbnailPictureUrl': '/tutu/system/20200508100528805_811858.jpg_100x100.jpg', 'standardPictureUrl': '', 'pictureName': 'T336F_03.jpg', 'pictureWidth': 600, 'pictureHeight': 900, 'stateMsg': '', 'taskId': ''}}
2020-05-08 10:05:28,880 - single - INFO - 请求参数为{'targetid': '4305685b17aa11e9b53f005056ad4128', 'sizes': '240x360', 'with': 100, 'height': 100, 'dpi': 120, 'quality': 0.95, 'proportion': 3}
2020-05-08 10:05:29,808 - single - INFO - 返回值为：{'stateCode': 200, 'stateMsg': 'OK', 'data': {'pictureUrl': '/tutu/system/20200508100529748_420588.jpg', 'thumbnailPictureUrl': '/tutu/system/20200508100529748_420588.jpg_100x100.jpg', 'standardPictureUrl': '', 'pictureName': 'T336F_04.jpg', 'pictureWidth': 600, 'pictureHeight': 900, 'stateMsg': '', 'taskId': ''}}
2020-05-08 10:05:29,809 - single - INFO - 请求参数为{'targetid': '4305685b17aa11e9b53f005056ad4128', 'sizes': '240x360', 'with': 100, 'height': 100, 'dpi': 120, 'quality': 0.95, 'proportion': 3}
2020-05-08 10:05:31,051 - single - INFO - 返回值为：{'stateCode': 200, 'stateMsg': 'OK', 'data': {'pictureUrl': '/tutu/system/20200508100530982_349664.jpg', 'thumbnailPictureUrl': '/tutu/system/20200508100530982_349664.jpg_100x100.jpg', 'standardPictureUrl': '', 'pictureName': 'T336F_05.jpg', 'pictureWidth': 600, 'pictureHeight': 900, 'stateMsg': '', 'taskId': ''}}
2020-05-08 10:05:31,052 - single - INFO - 请求参数为{'targetid': '4305685b17aa11e9b53f005056ad4128', 'sizes': '240x360', 'with': 100, 'height': 100, 'dpi': 120, 'quality': 0.95, 'proportion': 3}
2020-05-08 10:05:31,890 - single - INFO - 返回值为：{'stateCode': 200, 'stateMsg': 'OK', 'data': {'pictureUrl': '/tutu/system/20200508100531833_570195.jpg', 'thumbnailPictureUrl': '/tutu/system/20200508100531833_570195.jpg_100x100.jpg', 'standardPictureUrl': '', 'pictureName': 'T336F_06.jpg', 'pictureWidth': 600, 'pictureHeight': 900, 'stateMsg': '', 'taskId': ''}}
2020-05-08 10:05:31,891 - queryUserInfoList - INFO - url为:https://oc-api-uat.nailtutu.com/user/userInfo/queryUserInfoList?access_token=7a5fdab7-d28d-438d-ad7c-8a55170aa149&lang=zh&timeStamp=20200508100531
2020-05-08 10:05:49,452 - ocweb - INFO - oc_web登录的url为：https://oc-api-uat.nailtutu.com/oauth/login
2020-05-08 10:05:49,452 - ocweb - INFO - 账号【admin@sunvalley.com.cn】开始登录oc_web......
2020-05-08 10:05:49,452 - ocweb - INFO - 请求的参数为:{'client_id': 'd6165bbf3d804c6196c0c6d7201de970', 'client_secret': '25f9e794323b453885f5181f1b624d0b', 'scope': 'all', 'grant_type': 'password', 'email': 'admin@sunvalley.com.cn', 'password': '7d3b32520a0dfa5b64055b1c1a0981d1', 'auth_type': 'email_password'}
2020-05-08 10:05:49,610 - ocweb - INFO - 返回的参数为:{'stateCode': 200, 'stateMsg': 'OK', 'data': {'access_token': '7a5fdab7-d28d-438d-ad7c-8a55170aa149', 'token_type': 'bearer', 'refresh_token': '9e2f4464-ea57-42db-b441-cc3be3f4079b', 'expires_in': 2528241, 'scope': 'all'}}
2020-05-08 10:05:49,611 - single - INFO - 上传-单图(缩略图自适应版)的URL为:https://oc-api-uat.nailtutu.com/file/picture-upload/single?timeStamp=20200508100549&access_token=7a5fdab7-d28d-438d-ad7c-8a55170aa149
2020-05-08 10:05:49,611 - single - INFO - 请求参数为{'targetid': '4305685b17aa11e9b53f005056ad4128', 'sizes': '240x360', 'with': 100, 'height': 100, 'dpi': 120, 'quality': 0.95, 'proportion': 3}
2020-05-08 10:05:50,224 - single - INFO - 返回值为：{'stateCode': 200, 'stateMsg': 'OK', 'data': {'pictureUrl': '/tutu/system/20200508100550170_109626.jpg', 'thumbnailPictureUrl': '/tutu/system/20200508100550170_109626.jpg_100x100.jpg', 'standardPictureUrl': '', 'pictureName': 'T336F_01.jpg', 'pictureWidth': 600, 'pictureHeight': 900, 'stateMsg': '', 'taskId': ''}}
2020-05-08 10:05:50,226 - single - INFO - 请求参数为{'targetid': '4305685b17aa11e9b53f005056ad4128', 'sizes': '240x360', 'with': 100, 'height': 100, 'dpi': 120, 'quality': 0.95, 'proportion': 3}
2020-05-08 10:05:50,961 - single - INFO - 返回值为：{'stateCode': 200, 'stateMsg': 'OK', 'data': {'pictureUrl': '/tutu/system/20200508100550903_819888.jpg', 'thumbnailPictureUrl': '/tutu/system/20200508100550903_819888.jpg_100x100.jpg', 'standardPictureUrl': '', 'pictureName': 'T336F_02.jpg', 'pictureWidth': 600, 'pictureHeight': 900, 'stateMsg': '', 'taskId': ''}}
2020-05-08 10:05:50,963 - single - INFO - 请求参数为{'targetid': '4305685b17aa11e9b53f005056ad4128', 'sizes': '240x360', 'with': 100, 'height': 100, 'dpi': 120, 'quality': 0.95, 'proportion': 3}
2020-05-08 10:05:52,188 - single - INFO - 返回值为：{'stateCode': 200, 'stateMsg': 'OK', 'data': {'pictureUrl': '/tutu/system/20200508100552096_566090.jpg', 'thumbnailPictureUrl': '/tutu/system/20200508100552096_566090.jpg_100x100.jpg', 'standardPictureUrl': '', 'pictureName': 'T336F_03.jpg', 'pictureWidth': 600, 'pictureHeight': 900, 'stateMsg': '', 'taskId': ''}}
2020-05-08 10:05:52,190 - single - INFO - 请求参数为{'targetid': '4305685b17aa11e9b53f005056ad4128', 'sizes': '240x360', 'with': 100, 'height': 100, 'dpi': 120, 'quality': 0.95, 'proportion': 3}
2020-05-08 10:05:53,102 - single - INFO - 返回值为：{'stateCode': 200, 'stateMsg': 'OK', 'data': {'pictureUrl': '/tutu/system/20200508100553042_413682.jpg', 'thumbnailPictureUrl': '/tutu/system/20200508100553042_413682.jpg_100x100.jpg', 'standardPictureUrl': '', 'pictureName': 'T336F_04.jpg', 'pictureWidth': 600, 'pictureHeight': 900, 'stateMsg': '', 'taskId': ''}}
2020-05-08 10:05:53,104 - single - INFO - 请求参数为{'targetid': '4305685b17aa11e9b53f005056ad4128', 'sizes': '240x360', 'with': 100, 'height': 100, 'dpi': 120, 'quality': 0.95, 'proportion': 3}
2020-05-08 10:05:54,334 - single - INFO - 返回值为：{'stateCode': 200, 'stateMsg': 'OK', 'data': {'pictureUrl': '/tutu/system/20200508100554266_918694.jpg', 'thumbnailPictureUrl': '/tutu/system/20200508100554266_918694.jpg_100x100.jpg', 'standardPictureUrl': '', 'pictureName': 'T336F_05.jpg', 'pictureWidth': 600, 'pictureHeight': 900, 'stateMsg': '', 'taskId': ''}}
2020-05-08 10:05:54,336 - single - INFO - 请求参数为{'targetid': '4305685b17aa11e9b53f005056ad4128', 'sizes': '240x360', 'with': 100, 'height': 100, 'dpi': 120, 'quality': 0.95, 'proportion': 3}
2020-05-08 10:05:55,195 - single - INFO - 返回值为：{'stateCode': 200, 'stateMsg': 'OK', 'data': {'pictureUrl': '/tutu/system/20200508100555137_380937.jpg', 'thumbnailPictureUrl': '/tutu/system/20200508100555137_380937.jpg_100x100.jpg', 'standardPictureUrl': '', 'pictureName': 'T336F_06.jpg', 'pictureWidth': 600, 'pictureHeight': 900, 'stateMsg': '', 'taskId': ''}}
2020-05-08 10:05:55,196 - queryUserInfoList - INFO - url为:https://oc-api-uat.nailtutu.com/user/userInfo/queryUserInfoList?access_token=7a5fdab7-d28d-438d-ad7c-8a55170aa149&lang=zh&timeStamp=20200508100555
2020-05-08 10:05:55,197 - queryUserInfoList - INFO - 请求的参数为:{'username': '', 'nickname': 'YaDAn7', 'mobile': '', 'email': '', 'userStatus': '0', 'currentPage': 1, 'pageSize': '20'}
2020-05-08 10:05:55,393 - queryUserInfoList - INFO - 返回的参数为:{'stateCode': 200, 'stateMsg': 'OK', 'currentPage': 1, 'pageSize': 20, 'totalNum': 2, 'totalPage': 1, 'data': [{'id': 'f073483f367946d78edc9afdef9c65a7', 'uid': 90001466, 'username': 'D180BCED28777A532331E91BBEDFDFC7', 'nickname': 'YaDAn7-', 'email': None, 'mobile': None, 'lastName': '', 'firstName': '', 'headPortrait': '/tutu/anjou/headportrait/20200417180304505_597144.jpeg', 'headPortraitThumbnail': '/tutu/anjou/headportrait/20200417181000201_768937.png', 'sex': 0, 'userStatus': '0', 'creatorId': 'f073483f367946d78edc9afdef9c65a7', 'creatorName': 'YaDAn7-', 'createTime': '2020-04-17 18:03:05', 'modifierId': '', 'modifierName': '', 'modifyTime': None, 'recordState': 0, 'productLineId': '46981435671117824', 'clientId': 'e79661c27154473eaf5f3136b7587518', 'tenantId': '61bf9fc4a862452c8e7f09ef0b4e9a42', 'birthday': '', 'country': '', 'province': '', 'area': '', 'city': '', 'address': '', 'industry': ''}, {'id': 'efbc88c058dc412e97790f60dd38ba57', 'uid': 90001399, 'username': 'oFZ0f1LJfAtkKyVkJw_hmg3YyQ2U', 'nickname': 'YaDAn7', 'email': None, 'mobile': None, 'lastName': '', 'firstName': '', 'headPortrait': '/tutu/anjou/headportrait/20200313100252016_247023.jpeg', 'headPortraitThumbnail': '/tutu/anjou/headportrait/20200313101000620_427919.png', 'sex': 0, 'userStatus': '0', 'creatorId': 'efbc88c058dc412e97790f60dd38ba57', 'creatorName': 'YaDAn7', 'createTime': '2020-03-13 10:02:52', 'modifierId': '', 'modifierName': '', 'modifyTime': None, 'recordState': 0, 'productLineId': '46981435671117824', 'clientId': 'f9c8218ff78a4e8daa6f014b20c61be2', 'tenantId': '61bf9fc4a862452c8e7f09ef0b4e9a42', 'birthday': '', 'country': '', 'province': '', 'area': '', 'city': '', 'address': '', 'industry': ''}]}
2020-05-08 10:05:55,397 - queryTopicList - INFO - url为:https://oc-api-uat.nailtutu.com/oc/ugc/topic/queryTopicList?access_token=7a5fdab7-d28d-438d-ad7c-8a55170aa149&lang=zh&timeStamp=20200508100555
2020-05-08 10:05:55,398 - queryTopicList - INFO - 请求的参数为:{'introduce': '', 'title': '澳门灯光秀', 'topicStatus': 1, 'currentPage': 1, 'pageSize': '20'}
2020-05-08 10:05:55,550 - queryTopicList - INFO - 返回的参数为:{'stateCode': 200, 'stateMsg': 'OK', 'currentPage': 1, 'pageSize': 1, 'totalNum': 1, 'totalPage': 1, 'data': [{'id': '218fbfc4faff4b82b465b8607b3dacc3', 'imageUrl': '', 'imageLitimgUrl': '', 'title': '澳门灯光秀', 'introduce': '由澳门特区政府旅游局主办的“庆祝新中国成立70周年大型灯光秀”，29日晚在澳门标志性建筑大三巴牌坊上演', 'hot': 1471, 'weight': 100, 'praiseNum': 26, 'viewsNum': 1111, 'topicStatus': 1, 'creatorId': '0463372db7ce402ab6f99574cc4d8d09', 'creatorName': 'admin@sunvalley.com.cn', 'createTime': '2019-12-19 15:49:59', 'modifierId': '0463372db7ce402ab6f99574cc4d8d09', 'modifierName': 'admin@sunvalley.com.cn', 'modifyTime': '2020-04-16 16:58:04'}]}
2020-05-08 10:05:55,551 - addArticle - INFO - url为:https://oc-api-uat.nailtutu.com/oc/ugc/article/addArticle?access_token=7a5fdab7-d28d-438d-ad7c-8a55170aa149&lang=zh&timeStamp=20200508100555
2020-05-08 10:05:55,552 - addArticle - INFO - 请求的参数为:{'articleType': 1, 'content': '渐变黑色美甲\n渐变黑色美甲', 'topicId': '218fbfc4faff4b82b465b8607b3dacc3', 'albumsId': '', 'articleStatus': 5, 'weight': False, 'publishTime': '', 'imagesUrls': ['/tutu/system/20200508100550170_109626.jpg', '/tutu/system/20200508100550903_819888.jpg', '/tutu/system/20200508100552096_566090.jpg', '/tutu/system/20200508100553042_413682.jpg', '/tutu/system/20200508100554266_918694.jpg', '/tutu/system/20200508100555137_380937.jpg'], 'imagesLitimgUrls': ['/tutu/system/20200508100550170_109626.jpg_100x100.jpg', '/tutu/system/20200508100550903_819888.jpg_100x100.jpg', '/tutu/system/20200508100552096_566090.jpg_100x100.jpg', '/tutu/system/20200508100553042_413682.jpg_100x100.jpg', '/tutu/system/20200508100554266_918694.jpg_100x100.jpg', '/tutu/system/20200508100555137_380937.jpg_100x100.jpg'], 'imagesFallsUrl': '/tutu/system/20200508100550170_109626.jpg', 'imagesFallsLitimgUrl': '/tutu/system/20200508100550170_109626.jpg_100x100.jpg', 'creatorId': 'f073483f367946d78edc9afdef9c65a7', 'creatorUid': 90001466, 'creatorName': 'YaDAn7-', 'creatorRealName': '', 'creatorPortrait': '/tutu/anjou/headportrait/20200417180304505_597144.jpeg', 'creatorPortraitLitimg': '/tutu/anjou/headportrait/20200417181000201_768937.png'}
2020-05-08 10:05:55,710 - addArticle - INFO - 返回的参数为:{'stateCode': 400, 'stateMsg': 'Parameter parsing exception', 'data': None}
2020-05-08 10:05:55,712 - single - INFO - 上传-单图(缩略图自适应版)的URL为:https://oc-api-uat.nailtutu.com/file/picture-upload/single?timeStamp=20200508100555&access_token=7a5fdab7-d28d-438d-ad7c-8a55170aa149
2020-05-08 10:05:55,712 - single - INFO - 请求参数为{'targetid': '4305685b17aa11e9b53f005056ad4128', 'sizes': '240x360', 'with': 100, 'height': 100, 'dpi': 120, 'quality': 0.95, 'proportion': 3}
2020-05-08 10:05:56,886 - single - INFO - 返回值为：{'stateCode': 200, 'stateMsg': 'OK', 'data': {'pictureUrl': '/tutu/system/20200508100556819_005498.jpg', 'thumbnailPictureUrl': '/tutu/system/20200508100556819_005498.jpg_100x100.jpg', 'standardPictureUrl': '', 'pictureName': 'T338F_01.jpg', 'pictureWidth': 600, 'pictureHeight': 900, 'stateMsg': '', 'taskId': ''}}
2020-05-08 10:05:56,888 - single - INFO - 请求参数为{'targetid': '4305685b17aa11e9b53f005056ad4128', 'sizes': '240x360', 'with': 100, 'height': 100, 'dpi': 120, 'quality': 0.95, 'proportion': 3}
2020-05-08 10:05:57,851 - single - INFO - 返回值为：{'stateCode': 200, 'stateMsg': 'OK', 'data': {'pictureUrl': '/tutu/system/20200508100557759_688050.jpg', 'thumbnailPictureUrl': '/tutu/system/20200508100557759_688050.jpg_100x100.jpg', 'standardPictureUrl': '', 'pictureName': 'T338F_02.jpg', 'pictureWidth': 600, 'pictureHeight': 900, 'stateMsg': '', 'taskId': ''}}
2020-05-08 10:05:57,853 - single - INFO - 请求参数为{'targetid': '4305685b17aa11e9b53f005056ad4128', 'sizes': '240x360', 'with': 100, 'height': 100, 'dpi': 120, 'quality': 0.95, 'proportion': 3}
2020-05-08 10:05:59,074 - single - INFO - 返回值为：{'stateCode': 200, 'stateMsg': 'OK', 'data': {'pictureUrl': '/tutu/system/20200508100559005_342641.jpg', 'thumbnailPictureUrl': '/tutu/system/20200508100559005_342641.jpg_100x100.jpg', 'standardPictureUrl': '', 'pictureName': 'T338F_03.jpg', 'pictureWidth': 600, 'pictureHeight': 900, 'stateMsg': '', 'taskId': ''}}
2020-05-08 10:05:59,076 - single - INFO - 请求参数为{'targetid': '4305685b17aa11e9b53f005056ad4128', 'sizes': '240x360', 'with': 100, 'height': 100, 'dpi': 120, 'quality': 0.95, 'proportion': 3}
2020-05-08 10:05:59,936 - single - INFO - 返回值为：{'stateCode': 200, 'stateMsg': 'OK', 'data': {'pictureUrl': '/tutu/system/20200508100559872_569720.jpg', 'thumbnailPictureUrl': '/tutu/system/20200508100559872_569720.jpg_100x100.jpg', 'standardPictureUrl': '', 'pictureName': 'T338F_04.jpg', 'pictureWidth': 600, 'pictureHeight': 900, 'stateMsg': '', 'taskId': ''}}
2020-05-08 10:05:59,938 - queryUserInfoList - INFO - url为:https://oc-api-uat.nailtutu.com/user/userInfo/queryUserInfoList?access_token=7a5fdab7-d28d-438d-ad7c-8a55170aa149&lang=zh&timeStamp=20200508100559
