2020-05-08 09:58:47,217 - FileParser - INFO - D:\learn\AutoUpLoad\data\特辑套图\Album.ini
2020-05-08 09:58:47,217 - FileParser - ERROR - 文件名不存在,请检查配置!
Traceback (most recent call last):
  File "D:\learn\AutoUpLoad\common\FileParsing.py", line 19, in __init__
    self.config.read(fileName, encoding='utf8')
  File "D:\python3.7.2\lib\configparser.py", line 696, in read
    self._read(fp, filename)
  File "D:\python3.7.2\lib\configparser.py", line 1014, in _read
    for lineno, line in enumerate(fp, start=1):
  File "D:\python3.7.2\lib\codecs.py", line 322, in decode
    (result, consumed) = self._buffer_decode(data, self.errors, final)
UnicodeDecodeError: 'utf-8' codec can't decode byte 0xce in position 32: invalid continuation byte
2020-05-08 09:58:47,222 - ocweb - INFO - oc_web登录的url为：https://oc-api-uat.nailtutu.com/oauth/login
2020-05-08 09:58:47,222 - ocweb - INFO - 账号【admin@sunvalley.com.cn】开始登录oc_web......
2020-05-08 09:58:47,222 - ocweb - INFO - 请求的参数为:{'client_id': 'd6165bbf3d804c6196c0c6d7201de970', 'client_secret': '25f9e794323b453885f5181f1b624d0b', 'scope': 'all', 'grant_type': 'password', 'email': 'admin@sunvalley.com.cn', 'password': '7d3b32520a0dfa5b64055b1c1a0981d1', 'auth_type': 'email_password'}
2020-05-08 09:58:47,386 - ocweb - INFO - 返回的参数为:{'stateCode': 200, 'stateMsg': 'OK', 'data': {'access_token': '7a5fdab7-d28d-438d-ad7c-8a55170aa149', 'token_type': 'bearer', 'refresh_token': '9e2f4464-ea57-42db-b441-cc3be3f4079b', 'expires_in': 2528663, 'scope': 'all'}}
2020-05-08 09:58:47,390 - single - INFO - 上传-单图(缩略图自适应版)的URL为:https://oc-api-uat.nailtutu.com/file/picture-upload/single?timeStamp=20200508095847&access_token=7a5fdab7-d28d-438d-ad7c-8a55170aa149
2020-05-08 09:58:47,392 - single - INFO - 请求参数为{'targetid': '4305685b17aa11e9b53f005056ad4128', 'sizes': '240x360', 'with': 100, 'height': 100, 'dpi': 120, 'quality': 0.95, 'proportion': 3}
2020-05-08 09:58:48,020 - single - INFO - 返回值为：{'stateCode': 200, 'stateMsg': 'OK', 'data': {'pictureUrl': '/tutu/system/20200508095847959_195414.jpg', 'thumbnailPictureUrl': '/tutu/system/20200508095847959_195414.jpg_100x100.jpg', 'standardPictureUrl': '', 'pictureName': 'T336F_01.jpg', 'pictureWidth': 600, 'pictureHeight': 900, 'stateMsg': '', 'taskId': ''}}
2020-05-08 09:58:48,023 - single - INFO - 请求参数为{'targetid': '4305685b17aa11e9b53f005056ad4128', 'sizes': '240x360', 'with': 100, 'height': 100, 'dpi': 120, 'quality': 0.95, 'proportion': 3}
2020-05-08 09:58:48,749 - single - INFO - 返回值为：{'stateCode': 200, 'stateMsg': 'OK', 'data': {'pictureUrl': '/tutu/system/20200508095848690_039506.jpg', 'thumbnailPictureUrl': '/tutu/system/20200508095848690_039506.jpg_100x100.jpg', 'standardPictureUrl': '', 'pictureName': 'T336F_02.jpg', 'pictureWidth': 600, 'pictureHeight': 900, 'stateMsg': '', 'taskId': ''}}
2020-05-08 09:58:48,750 - single - INFO - 请求参数为{'targetid': '4305685b17aa11e9b53f005056ad4128', 'sizes': '240x360', 'with': 100, 'height': 100, 'dpi': 120, 'quality': 0.95, 'proportion': 3}
2020-05-08 09:58:49,956 - single - INFO - 返回值为：{'stateCode': 200, 'stateMsg': 'OK', 'data': {'pictureUrl': '/tutu/system/20200508095849865_980959.jpg', 'thumbnailPictureUrl': '/tutu/system/20200508095849865_980959.jpg_100x100.jpg', 'standardPictureUrl': '', 'pictureName': 'T336F_03.jpg', 'pictureWidth': 600, 'pictureHeight': 900, 'stateMsg': '', 'taskId': ''}}
2020-05-08 09:58:49,958 - single - INFO - 请求参数为{'targetid': '4305685b17aa11e9b53f005056ad4128', 'sizes': '240x360', 'with': 100, 'height': 100, 'dpi': 120, 'quality': 0.95, 'proportion': 3}
2020-05-08 09:58:50,886 - single - INFO - 返回值为：{'stateCode': 200, 'stateMsg': 'OK', 'data': {'pictureUrl': '/tutu/system/20200508095850816_546353.jpg', 'thumbnailPictureUrl': '/tutu/system/20200508095850816_546353.jpg_100x100.jpg', 'standardPictureUrl': '', 'pictureName': 'T336F_04.jpg', 'pictureWidth': 600, 'pictureHeight': 900, 'stateMsg': '', 'taskId': ''}}
2020-05-08 09:58:50,889 - single - INFO - 请求参数为{'targetid': '4305685b17aa11e9b53f005056ad4128', 'sizes': '240x360', 'with': 100, 'height': 100, 'dpi': 120, 'quality': 0.95, 'proportion': 3}
2020-05-08 09:58:52,127 - single - INFO - 返回值为：{'stateCode': 200, 'stateMsg': 'OK', 'data': {'pictureUrl': '/tutu/system/20200508095852050_511483.jpg', 'thumbnailPictureUrl': '/tutu/system/20200508095852050_511483.jpg_100x100.jpg', 'standardPictureUrl': '', 'pictureName': 'T336F_05.jpg', 'pictureWidth': 600, 'pictureHeight': 900, 'stateMsg': '', 'taskId': ''}}
2020-05-08 09:58:52,129 - single - INFO - 请求参数为{'targetid': '4305685b17aa11e9b53f005056ad4128', 'sizes': '240x360', 'with': 100, 'height': 100, 'dpi': 120, 'quality': 0.95, 'proportion': 3}
2020-05-08 09:58:52,999 - single - INFO - 返回值为：{'stateCode': 200, 'stateMsg': 'OK', 'data': {'pictureUrl': '/tutu/system/20200508095852937_946652.jpg', 'thumbnailPictureUrl': '/tutu/system/20200508095852937_946652.jpg_100x100.jpg', 'standardPictureUrl': '', 'pictureName': 'T336F_06.jpg', 'pictureWidth': 600, 'pictureHeight': 900, 'stateMsg': '', 'taskId': ''}}
2020-05-08 09:58:53,000 - queryUserInfoList - INFO - url为:https://oc-api-uat.nailtutu.com/user/userInfo/queryUserInfoList?access_token=7a5fdab7-d28d-438d-ad7c-8a55170aa149&lang=zh&timeStamp=20200508095853
2020-05-08 09:58:53,001 - queryUserInfoList - INFO - 请求的参数为:{'username': '', 'nickname': 'YaDAn7', 'mobile': '', 'email': '', 'userStatus': '0', 'currentPage': 1, 'pageSize': '20'}
2020-05-08 09:58:53,199 - queryUserInfoList - INFO - 返回的参数为:{'stateCode': 200, 'stateMsg': 'OK', 'currentPage': 1, 'pageSize': 20, 'totalNum': 2, 'totalPage': 1, 'data': [{'id': 'f073483f367946d78edc9afdef9c65a7', 'uid': 90001466, 'username': 'D180BCED28777A532331E91BBEDFDFC7', 'nickname': 'YaDAn7-', 'email': None, 'mobile': None, 'lastName': '', 'firstName': '', 'headPortrait': '/tutu/anjou/headportrait/20200417180304505_597144.jpeg', 'headPortraitThumbnail': '/tutu/anjou/headportrait/20200417181000201_768937.png', 'sex': 0, 'userStatus': '0', 'creatorId': 'f073483f367946d78edc9afdef9c65a7', 'creatorName': 'YaDAn7-', 'createTime': '2020-04-17 18:03:05', 'modifierId': '', 'modifierName': '', 'modifyTime': None, 'recordState': 0, 'productLineId': '46981435671117824', 'clientId': 'e79661c27154473eaf5f3136b7587518', 'tenantId': '61bf9fc4a862452c8e7f09ef0b4e9a42', 'birthday': '', 'country': '', 'province': '', 'area': '', 'city': '', 'address': '', 'industry': ''}, {'id': 'efbc88c058dc412e97790f60dd38ba57', 'uid': 90001399, 'username': 'oFZ0f1LJfAtkKyVkJw_hmg3YyQ2U', 'nickname': 'YaDAn7', 'email': None, 'mobile': None, 'lastName': '', 'firstName': '', 'headPortrait': '/tutu/anjou/headportrait/20200313100252016_247023.jpeg', 'headPortraitThumbnail': '/tutu/anjou/headportrait/20200313101000620_427919.png', 'sex': 0, 'userStatus': '0', 'creatorId': 'efbc88c058dc412e97790f60dd38ba57', 'creatorName': 'YaDAn7', 'createTime': '2020-03-13 10:02:52', 'modifierId': '', 'modifierName': '', 'modifyTime': None, 'recordState': 0, 'productLineId': '46981435671117824', 'clientId': 'f9c8218ff78a4e8daa6f014b20c61be2', 'tenantId': '61bf9fc4a862452c8e7f09ef0b4e9a42', 'birthday': '', 'country': '', 'province': '', 'area': '', 'city': '', 'address': '', 'industry': ''}]}
2020-05-08 09:58:53,207 - queryTopicList - INFO - url为:https://oc-api-uat.nailtutu.com/oc/ugc/topic/queryTopicList?access_token=7a5fdab7-d28d-438d-ad7c-8a55170aa149&lang=zh&timeStamp=20200508095853
2020-05-08 09:58:53,208 - queryTopicList - INFO - 请求的参数为:{'introduce': '', 'title': '澳门灯光秀', 'topicStatus': 1, 'currentPage': 1, 'pageSize': '20'}
2020-05-08 09:58:53,407 - queryTopicList - INFO - 返回的参数为:{'stateCode': 200, 'stateMsg': 'OK', 'currentPage': 1, 'pageSize': 1, 'totalNum': 1, 'totalPage': 1, 'data': [{'id': '218fbfc4faff4b82b465b8607b3dacc3', 'imageUrl': '', 'imageLitimgUrl': '', 'title': '澳门灯光秀', 'introduce': '由澳门特区政府旅游局主办的“庆祝新中国成立70周年大型灯光秀”，29日晚在澳门标志性建筑大三巴牌坊上演', 'hot': 1471, 'weight': 100, 'praiseNum': 26, 'viewsNum': 1111, 'topicStatus': 1, 'creatorId': '0463372db7ce402ab6f99574cc4d8d09', 'creatorName': 'admin@sunvalley.com.cn', 'createTime': '2019-12-19 15:49:59', 'modifierId': '0463372db7ce402ab6f99574cc4d8d09', 'modifierName': 'admin@sunvalley.com.cn', 'modifyTime': '2020-04-16 16:58:04'}]}
2020-05-08 09:58:53,409 - addArticle - INFO - url为:https://oc-api-uat.nailtutu.com/oc/ugc/article/addArticle?access_token=7a5fdab7-d28d-438d-ad7c-8a55170aa149&lang=zh&timeStamp=20200508095853
2020-05-08 09:58:53,410 - addArticle - INFO - 请求的参数为:{'articleType': 1, 'content': '渐变黑色美甲 闪粉✨美甲', 'topicId': '218fbfc4faff4b82b465b8607b3dacc3', 'albumsId': '', 'articleStatus': 5, 'weight': False, 'publishTime': '', 'imagesUrls': ['/tutu/system/20200508095847959_195414.jpg', '/tutu/system/20200508095848690_039506.jpg', '/tutu/system/20200508095849865_980959.jpg', '/tutu/system/20200508095850816_546353.jpg', '/tutu/system/20200508095852050_511483.jpg', '/tutu/system/20200508095852937_946652.jpg'], 'imagesLitimgUrls': ['/tutu/system/20200508095847959_195414.jpg_100x100.jpg', '/tutu/system/20200508095848690_039506.jpg_100x100.jpg', '/tutu/system/20200508095849865_980959.jpg_100x100.jpg', '/tutu/system/20200508095850816_546353.jpg_100x100.jpg', '/tutu/system/20200508095852050_511483.jpg_100x100.jpg', '/tutu/system/20200508095852937_946652.jpg_100x100.jpg'], 'imagesFallsUrl': '/tutu/system/20200508095847959_195414.jpg', 'imagesFallsLitimgUrl': '/tutu/system/20200508095847959_195414.jpg_100x100.jpg', 'creatorId': 'f073483f367946d78edc9afdef9c65a7', 'creatorUid': 90001466, 'creatorName': 'YaDAn7-', 'creatorRealName': '', 'creatorPortrait': '/tutu/anjou/headportrait/20200417180304505_597144.jpeg', 'creatorPortraitLitimg': '/tutu/anjou/headportrait/20200417181000201_768937.png'}
2020-05-08 09:58:53,547 - addArticle - INFO - 返回的参数为:{'stateCode': 400, 'stateMsg': 'Parameter parsing exception', 'data': None}
2020-05-08 09:58:53,548 - single - INFO - 上传-单图(缩略图自适应版)的URL为:https://oc-api-uat.nailtutu.com/file/picture-upload/single?timeStamp=20200508095853&access_token=7a5fdab7-d28d-438d-ad7c-8a55170aa149
2020-05-08 09:58:53,549 - single - INFO - 请求参数为{'targetid': '4305685b17aa11e9b53f005056ad4128', 'sizes': '240x360', 'with': 100, 'height': 100, 'dpi': 120, 'quality': 0.95, 'proportion': 3}
2020-05-08 09:58:54,756 - single - INFO - 返回值为：{'stateCode': 200, 'stateMsg': 'OK', 'data': {'pictureUrl': '/tutu/system/20200508095854683_645381.jpg', 'thumbnailPictureUrl': '/tutu/system/20200508095854683_645381.jpg_100x100.jpg', 'standardPictureUrl': '', 'pictureName': 'T338F_01.jpg', 'pictureWidth': 600, 'pictureHeight': 900, 'stateMsg': '', 'taskId': ''}}
2020-05-08 09:58:54,758 - single - INFO - 请求参数为{'targetid': '4305685b17aa11e9b53f005056ad4128', 'sizes': '240x360', 'with': 100, 'height': 100, 'dpi': 120, 'quality': 0.95, 'proportion': 3}
2020-05-08 09:58:55,666 - single - INFO - 返回值为：{'stateCode': 200, 'stateMsg': 'OK', 'data': {'pictureUrl': '/tutu/system/20200508095855599_275877.jpg', 'thumbnailPictureUrl': '/tutu/system/20200508095855599_275877.jpg_100x100.jpg', 'standardPictureUrl': '', 'pictureName': 'T338F_02.jpg', 'pictureWidth': 600, 'pictureHeight': 900, 'stateMsg': '', 'taskId': ''}}
2020-05-08 09:58:55,668 - single - INFO - 请求参数为{'targetid': '4305685b17aa11e9b53f005056ad4128', 'sizes': '240x360', 'with': 100, 'height': 100, 'dpi': 120, 'quality': 0.95, 'proportion': 3}
2020-05-08 09:58:56,913 - single - INFO - 返回值为：{'stateCode': 200, 'stateMsg': 'OK', 'data': {'pictureUrl': '/tutu/system/20200508095856841_328894.jpg', 'thumbnailPictureUrl': '/tutu/system/20200508095856841_328894.jpg_100x100.jpg', 'standardPictureUrl': '', 'pictureName': 'T338F_03.jpg', 'pictureWidth': 600, 'pictureHeight': 900, 'stateMsg': '', 'taskId': ''}}
2020-05-08 09:58:56,916 - single - INFO - 请求参数为{'targetid': '4305685b17aa11e9b53f005056ad4128', 'sizes': '240x360', 'with': 100, 'height': 100, 'dpi': 120, 'quality': 0.95, 'proportion': 3}
2020-05-08 09:58:57,785 - single - INFO - 返回值为：{'stateCode': 200, 'stateMsg': 'OK', 'data': {'pictureUrl': '/tutu/system/20200508095857724_094216.jpg', 'thumbnailPictureUrl': '/tutu/system/20200508095857724_094216.jpg_100x100.jpg', 'standardPictureUrl': '', 'pictureName': 'T338F_04.jpg', 'pictureWidth': 600, 'pictureHeight': 900, 'stateMsg': '', 'taskId': ''}}
2020-05-08 09:58:57,785 - queryUserInfoList - INFO - url为:https://oc-api-uat.nailtutu.com/user/userInfo/queryUserInfoList?access_token=7a5fdab7-d28d-438d-ad7c-8a55170aa149&lang=zh&timeStamp=20200508095857
