2020-05-08 09:56:21,662 - FileParser - INFO - D:\learn\AutoUpLoad\data\特辑套图\Album.ini
2020-05-08 09:56:21,662 - FileParser - ERROR - 文件名不存在,请检查配置!
Traceback (most recent call last):
  File "D:\learn\AutoUpLoad\common\FileParsing.py", line 19, in __init__
    self.config.read(fileName, encoding='utf8')
  File "D:\python3.7.2\lib\configparser.py", line 696, in read
    self._read(fp, filename)
  File "D:\python3.7.2\lib\configparser.py", line 1014, in _read
    for lineno, line in enumerate(fp, start=1):
  File "D:\python3.7.2\lib\codecs.py", line 322, in decode
    (result, consumed) = self._buffer_decode(data, self.errors, final)
UnicodeDecodeError: 'utf-8' codec can't decode byte 0xce in position 32: invalid continuation byte
2020-05-08 09:56:21,678 - FileParser - INFO - D:\learn\AutoUpLoad\data\笔记套图\notes.ini
2020-05-08 09:56:21,678 - FileParser - ERROR - 文件名不存在,请检查配置!
Traceback (most recent call last):
  File "D:\learn\AutoUpLoad\common\FileParsing.py", line 19, in __init__
    self.config.read(fileName, encoding='utf8')
  File "D:\python3.7.2\lib\configparser.py", line 696, in read
    self._read(fp, filename)
  File "D:\python3.7.2\lib\configparser.py", line 1014, in _read
    for lineno, line in enumerate(fp, start=1):
  File "D:\python3.7.2\lib\codecs.py", line 322, in decode
    (result, consumed) = self._buffer_decode(data, self.errors, final)
UnicodeDecodeError: 'utf-8' codec can't decode byte 0xff in position 0: invalid start byte
2020-05-08 09:56:21,681 - ocweb - INFO - oc_web登录的url为：https://oc-api-uat.nailtutu.com/oauth/login
2020-05-08 09:56:21,681 - ocweb - INFO - 账号【admin@sunvalley.com.cn】开始登录oc_web......
2020-05-08 09:56:21,681 - ocweb - INFO - 请求的参数为:{'client_id': 'd6165bbf3d804c6196c0c6d7201de970', 'client_secret': '25f9e794323b453885f5181f1b624d0b', 'scope': 'all', 'grant_type': 'password', 'email': 'admin@sunvalley.com.cn', 'password': '7d3b32520a0dfa5b64055b1c1a0981d1', 'auth_type': 'email_password'}
2020-05-08 09:56:21,839 - ocweb - INFO - 返回的参数为:{'stateCode': 200, 'stateMsg': 'OK', 'data': {'access_token': '7a5fdab7-d28d-438d-ad7c-8a55170aa149', 'token_type': 'bearer', 'refresh_token': '9e2f4464-ea57-42db-b441-cc3be3f4079b', 'expires_in': 2528809, 'scope': 'all'}}
2020-05-08 09:56:21,842 - single - INFO - 上传-单图(缩略图自适应版)的URL为:https://oc-api-uat.nailtutu.com/file/picture-upload/single?timeStamp=20200508095621&access_token=7a5fdab7-d28d-438d-ad7c-8a55170aa149
2020-05-08 09:56:21,843 - single - INFO - 请求参数为{'targetid': '4305685b17aa11e9b53f005056ad4128', 'sizes': '240x360', 'with': 100, 'height': 100, 'dpi': 120, 'quality': 0.95, 'proportion': 3}
2020-05-08 09:56:22,474 - single - INFO - 返回值为：{'stateCode': 200, 'stateMsg': 'OK', 'data': {'pictureUrl': '/tutu/system/20200508095622412_966036.jpg', 'thumbnailPictureUrl': '/tutu/system/20200508095622412_966036.jpg_100x100.jpg', 'standardPictureUrl': '', 'pictureName': 'T336F_01.jpg', 'pictureWidth': 600, 'pictureHeight': 900, 'stateMsg': '', 'taskId': ''}}
2020-05-08 09:56:22,479 - single - INFO - 请求参数为{'targetid': '4305685b17aa11e9b53f005056ad4128', 'sizes': '240x360', 'with': 100, 'height': 100, 'dpi': 120, 'quality': 0.95, 'proportion': 3}
2020-05-08 09:56:23,256 - single - INFO - 返回值为：{'stateCode': 200, 'stateMsg': 'OK', 'data': {'pictureUrl': '/tutu/system/20200508095623166_852877.jpg', 'thumbnailPictureUrl': '/tutu/system/20200508095623166_852877.jpg_100x100.jpg', 'standardPictureUrl': '', 'pictureName': 'T336F_02.jpg', 'pictureWidth': 600, 'pictureHeight': 900, 'stateMsg': '', 'taskId': ''}}
2020-05-08 09:56:23,258 - single - INFO - 请求参数为{'targetid': '4305685b17aa11e9b53f005056ad4128', 'sizes': '240x360', 'with': 100, 'height': 100, 'dpi': 120, 'quality': 0.95, 'proportion': 3}
2020-05-08 09:56:24,457 - single - INFO - 返回值为：{'stateCode': 200, 'stateMsg': 'OK', 'data': {'pictureUrl': '/tutu/system/20200508095624386_128915.jpg', 'thumbnailPictureUrl': '/tutu/system/20200508095624386_128915.jpg_100x100.jpg', 'standardPictureUrl': '', 'pictureName': 'T336F_03.jpg', 'pictureWidth': 600, 'pictureHeight': 900, 'stateMsg': '', 'taskId': ''}}
2020-05-08 09:56:24,460 - single - INFO - 请求参数为{'targetid': '4305685b17aa11e9b53f005056ad4128', 'sizes': '240x360', 'with': 100, 'height': 100, 'dpi': 120, 'quality': 0.95, 'proportion': 3}
2020-05-08 09:56:25,386 - single - INFO - 返回值为：{'stateCode': 200, 'stateMsg': 'OK', 'data': {'pictureUrl': '/tutu/system/20200508095625329_838502.jpg', 'thumbnailPictureUrl': '/tutu/system/20200508095625329_838502.jpg_100x100.jpg', 'standardPictureUrl': '', 'pictureName': 'T336F_04.jpg', 'pictureWidth': 600, 'pictureHeight': 900, 'stateMsg': '', 'taskId': ''}}
2020-05-08 09:56:25,386 - single - INFO - 请求参数为{'targetid': '4305685b17aa11e9b53f005056ad4128', 'sizes': '240x360', 'with': 100, 'height': 100, 'dpi': 120, 'quality': 0.95, 'proportion': 3}
2020-05-08 09:56:26,597 - single - INFO - 返回值为：{'stateCode': 200, 'stateMsg': 'OK', 'data': {'pictureUrl': '/tutu/system/20200508095626529_658610.jpg', 'thumbnailPictureUrl': '/tutu/system/20200508095626529_658610.jpg_100x100.jpg', 'standardPictureUrl': '', 'pictureName': 'T336F_05.jpg', 'pictureWidth': 600, 'pictureHeight': 900, 'stateMsg': '', 'taskId': ''}}
2020-05-08 09:56:26,599 - single - INFO - 请求参数为{'targetid': '4305685b17aa11e9b53f005056ad4128', 'sizes': '240x360', 'with': 100, 'height': 100, 'dpi': 120, 'quality': 0.95, 'proportion': 3}
2020-05-08 09:56:27,467 - single - INFO - 返回值为：{'stateCode': 200, 'stateMsg': 'OK', 'data': {'pictureUrl': '/tutu/system/20200508095627395_006358.jpg', 'thumbnailPictureUrl': '/tutu/system/20200508095627395_006358.jpg_100x100.jpg', 'standardPictureUrl': '', 'pictureName': 'T336F_06.jpg', 'pictureWidth': 600, 'pictureHeight': 900, 'stateMsg': '', 'taskId': ''}}
2020-05-08 09:56:27,469 - queryUserInfoList - INFO - url为:https://oc-api-uat.nailtutu.com/user/userInfo/queryUserInfoList?access_token=7a5fdab7-d28d-438d-ad7c-8a55170aa149&lang=zh&timeStamp=20200508095627
