2020-05-08 09:55:51,052 - FileParser - INFO - D:\learn\AutoUpLoad\data\特辑套图\Album.ini
2020-05-08 09:55:51,052 - FileParser - ERROR - 文件名不存在,请检查配置!
Traceback (most recent call last):
  File "D:\learn\AutoUpLoad\common\FileParsing.py", line 19, in __init__
    self.config.read(fileName, encoding='utf8mb4')
  File "D:\python3.7.2\lib\configparser.py", line 695, in read
    with open(filename, encoding=encoding) as fp:
LookupError: unknown encoding: utf8mb4
2020-05-08 09:55:51,054 - FileParser - INFO - D:\learn\AutoUpLoad\data\笔记套图\notes.ini
2020-05-08 09:55:51,054 - FileParser - ERROR - 文件名不存在,请检查配置!
Traceback (most recent call last):
  File "D:\learn\AutoUpLoad\common\FileParsing.py", line 19, in __init__
    self.config.read(fileName, encoding='utf8mb4')
  File "D:\python3.7.2\lib\configparser.py", line 695, in read
    with open(filename, encoding=encoding) as fp:
LookupError: unknown encoding: utf8mb4
2020-05-08 09:55:51,057 - ocweb - INFO - oc_web登录的url为：https://oc-api-uat.nailtutu.com/oauth/login
2020-05-08 09:55:51,057 - ocweb - INFO - 账号【admin@sunvalley.com.cn】开始登录oc_web......
2020-05-08 09:55:51,057 - ocweb - INFO - 请求的参数为:{'client_id': 'd6165bbf3d804c6196c0c6d7201de970', 'client_secret': '25f9e794323b453885f5181f1b624d0b', 'scope': 'all', 'grant_type': 'password', 'email': 'admin@sunvalley.com.cn', 'password': '7d3b32520a0dfa5b64055b1c1a0981d1', 'auth_type': 'email_password'}
2020-05-08 09:55:51,226 - ocweb - INFO - 返回的参数为:{'stateCode': 200, 'stateMsg': 'OK', 'data': {'access_token': '7a5fdab7-d28d-438d-ad7c-8a55170aa149', 'token_type': 'bearer', 'refresh_token': '9e2f4464-ea57-42db-b441-cc3be3f4079b', 'expires_in': 2528839, 'scope': 'all'}}
2020-05-08 09:55:51,231 - single - INFO - 上传-单图(缩略图自适应版)的URL为:https://oc-api-uat.nailtutu.com/file/picture-upload/single?timeStamp=20200508095551&access_token=7a5fdab7-d28d-438d-ad7c-8a55170aa149
2020-05-08 09:55:51,232 - single - INFO - 请求参数为{'targetid': '4305685b17aa11e9b53f005056ad4128', 'sizes': '240x360', 'with': 100, 'height': 100, 'dpi': 120, 'quality': 0.95, 'proportion': 3}
2020-05-08 09:55:51,859 - single - INFO - 返回值为：{'stateCode': 200, 'stateMsg': 'OK', 'data': {'pictureUrl': '/tutu/system/20200508095551794_974298.jpg', 'thumbnailPictureUrl': '/tutu/system/20200508095551794_974298.jpg_100x100.jpg', 'standardPictureUrl': '', 'pictureName': 'T336F_01.jpg', 'pictureWidth': 600, 'pictureHeight': 900, 'stateMsg': '', 'taskId': ''}}
2020-05-08 09:55:51,861 - single - INFO - 请求参数为{'targetid': '4305685b17aa11e9b53f005056ad4128', 'sizes': '240x360', 'with': 100, 'height': 100, 'dpi': 120, 'quality': 0.95, 'proportion': 3}
2020-05-08 09:55:52,570 - single - INFO - 返回值为：{'stateCode': 200, 'stateMsg': 'OK', 'data': {'pictureUrl': '/tutu/system/20200508095552508_876310.jpg', 'thumbnailPictureUrl': '/tutu/system/20200508095552508_876310.jpg_100x100.jpg', 'standardPictureUrl': '', 'pictureName': 'T336F_02.jpg', 'pictureWidth': 600, 'pictureHeight': 900, 'stateMsg': '', 'taskId': ''}}
2020-05-08 09:55:52,572 - single - INFO - 请求参数为{'targetid': '4305685b17aa11e9b53f005056ad4128', 'sizes': '240x360', 'with': 100, 'height': 100, 'dpi': 120, 'quality': 0.95, 'proportion': 3}
2020-05-08 09:55:53,850 - single - INFO - 返回值为：{'stateCode': 200, 'stateMsg': 'OK', 'data': {'pictureUrl': '/tutu/system/20200508095553783_535890.jpg', 'thumbnailPictureUrl': '/tutu/system/20200508095553783_535890.jpg_100x100.jpg', 'standardPictureUrl': '', 'pictureName': 'T336F_03.jpg', 'pictureWidth': 600, 'pictureHeight': 900, 'stateMsg': '', 'taskId': ''}}
2020-05-08 09:55:53,852 - single - INFO - 请求参数为{'targetid': '4305685b17aa11e9b53f005056ad4128', 'sizes': '240x360', 'with': 100, 'height': 100, 'dpi': 120, 'quality': 0.95, 'proportion': 3}
2020-05-08 09:55:54,773 - single - INFO - 返回值为：{'stateCode': 200, 'stateMsg': 'OK', 'data': {'pictureUrl': '/tutu/system/20200508095554708_918459.jpg', 'thumbnailPictureUrl': '/tutu/system/20200508095554708_918459.jpg_100x100.jpg', 'standardPictureUrl': '', 'pictureName': 'T336F_04.jpg', 'pictureWidth': 600, 'pictureHeight': 900, 'stateMsg': '', 'taskId': ''}}
2020-05-08 09:55:54,775 - single - INFO - 请求参数为{'targetid': '4305685b17aa11e9b53f005056ad4128', 'sizes': '240x360', 'with': 100, 'height': 100, 'dpi': 120, 'quality': 0.95, 'proportion': 3}
2020-05-08 09:55:56,005 - single - INFO - 返回值为：{'stateCode': 200, 'stateMsg': 'OK', 'data': {'pictureUrl': '/tutu/system/20200508095555939_877045.jpg', 'thumbnailPictureUrl': '/tutu/system/20200508095555939_877045.jpg_100x100.jpg', 'standardPictureUrl': '', 'pictureName': 'T336F_05.jpg', 'pictureWidth': 600, 'pictureHeight': 900, 'stateMsg': '', 'taskId': ''}}
2020-05-08 09:55:56,008 - single - INFO - 请求参数为{'targetid': '4305685b17aa11e9b53f005056ad4128', 'sizes': '240x360', 'with': 100, 'height': 100, 'dpi': 120, 'quality': 0.95, 'proportion': 3}
2020-05-08 09:55:56,893 - single - INFO - 返回值为：{'stateCode': 200, 'stateMsg': 'OK', 'data': {'pictureUrl': '/tutu/system/20200508095556829_319968.jpg', 'thumbnailPictureUrl': '/tutu/system/20200508095556829_319968.jpg_100x100.jpg', 'standardPictureUrl': '', 'pictureName': 'T336F_06.jpg', 'pictureWidth': 600, 'pictureHeight': 900, 'stateMsg': '', 'taskId': ''}}
2020-05-08 09:55:56,894 - queryUserInfoList - INFO - url为:https://oc-api-uat.nailtutu.com/user/userInfo/queryUserInfoList?access_token=7a5fdab7-d28d-438d-ad7c-8a55170aa149&lang=zh&timeStamp=20200508095556
