2020-07-07 17:15:44,055 - ocweb - INFO - oc_web登录的url为：https://oc-api-uat.nailtutu.com/oauth/login
2020-07-07 17:15:44,055 - ocweb - INFO - 账号【admin@sunvalley.com.cn】开始登录oc_web......
2020-07-07 17:15:44,055 - ocweb - INFO - 请求的参数为:{'client_id': 'd6165bbf3d804c6196c0c6d7201de970', 'client_secret': '25f9e794323b453885f5181f1b624d0b', 'scope': 'all', 'grant_type': 'password', 'email': 'admin@sunvalley.com.cn', 'password': '7d3b32520a0dfa5b64055b1c1a0981d1', 'auth_type': 'email_password'}
2020-07-07 17:15:44,266 - ocweb - INFO - 返回的参数为:{'stateCode': 200, 'stateMsg': 'OK', 'data': {'access_token': '635fd264-ddaf-44d0-bec9-84d76888be47', 'token_type': 'bearer', 'refresh_token': 'f6d0303e-5640-42a9-8ed7-9e167586d4ac', 'expires_in': 2590052, 'scope': 'all'}}
2020-07-07 17:15:44,267 - single - INFO - 上传-单图(缩略图自适应版)的URL为:https://oc-api-uat.nailtutu.com/file/picture-upload/single?timeStamp=20200707171544&access_token=635fd264-ddaf-44d0-bec9-84d76888be47
2020-07-07 17:15:44,268 - single - INFO - 请求参数为{'targetid': '4305685b17aa11e9b53f005056ad4128', 'sizes': '240x360', 'with': 100, 'height': 100, 'dpi': 120, 'quality': 0.95, 'proportion': 3}
2020-07-07 17:15:44,677 - single - INFO - 返回值为：{'stateCode': 200, 'stateMsg': 'OK', 'data': {'pictureUrl': '/tutu/system/20200707171544591_126272.jpg', 'thumbnailPictureUrl': '/tutu/system/20200707171544591_126272.jpg_100x100.jpg', 'standardPictureUrl': '', 'pictureName': 'T336F_01.jpg', 'pictureWidth': 600, 'pictureHeight': 900, 'stateMsg': '', 'taskId': ''}}
2020-07-07 17:15:44,679 - single - INFO - 请求参数为{'targetid': '4305685b17aa11e9b53f005056ad4128', 'sizes': '240x360', 'with': 100, 'height': 100, 'dpi': 120, 'quality': 0.95, 'proportion': 3}
2020-07-07 17:15:45,125 - single - INFO - 返回值为：{'stateCode': 200, 'stateMsg': 'OK', 'data': {'pictureUrl': '/tutu/system/20200707171545043_052580.jpg', 'thumbnailPictureUrl': '/tutu/system/20200707171545043_052580.jpg_100x100.jpg', 'standardPictureUrl': '', 'pictureName': 'T336F_02.jpg', 'pictureWidth': 600, 'pictureHeight': 900, 'stateMsg': '', 'taskId': ''}}
2020-07-07 17:15:45,126 - single - INFO - 请求参数为{'targetid': '4305685b17aa11e9b53f005056ad4128', 'sizes': '240x360', 'with': 100, 'height': 100, 'dpi': 120, 'quality': 0.95, 'proportion': 3}
2020-07-07 17:15:45,799 - single - INFO - 返回值为：{'stateCode': 200, 'stateMsg': 'OK', 'data': {'pictureUrl': '/tutu/system/20200707171545707_310803.jpg', 'thumbnailPictureUrl': '/tutu/system/20200707171545707_310803.jpg_100x100.jpg', 'standardPictureUrl': '', 'pictureName': 'T336F_03.jpg', 'pictureWidth': 600, 'pictureHeight': 900, 'stateMsg': '', 'taskId': ''}}
2020-07-07 17:15:45,800 - single - INFO - 请求参数为{'targetid': '4305685b17aa11e9b53f005056ad4128', 'sizes': '240x360', 'with': 100, 'height': 100, 'dpi': 120, 'quality': 0.95, 'proportion': 3}
2020-07-07 17:15:46,340 - single - INFO - 返回值为：{'stateCode': 200, 'stateMsg': 'OK', 'data': {'pictureUrl': '/tutu/system/20200707171546254_486690.jpg', 'thumbnailPictureUrl': '/tutu/system/20200707171546254_486690.jpg_100x100.jpg', 'standardPictureUrl': '', 'pictureName': 'T336F_04.jpg', 'pictureWidth': 600, 'pictureHeight': 900, 'stateMsg': '', 'taskId': ''}}
2020-07-07 17:15:46,342 - single - INFO - 请求参数为{'targetid': '4305685b17aa11e9b53f005056ad4128', 'sizes': '240x360', 'with': 100, 'height': 100, 'dpi': 120, 'quality': 0.95, 'proportion': 3}
2020-07-07 17:15:47,202 - single - INFO - 返回值为：{'stateCode': 200, 'stateMsg': 'OK', 'data': {'pictureUrl': '/tutu/system/20200707171547112_251455.jpg', 'thumbnailPictureUrl': '/tutu/system/20200707171547112_251455.jpg_100x100.jpg', 'standardPictureUrl': '', 'pictureName': 'T336F_05.jpg', 'pictureWidth': 600, 'pictureHeight': 900, 'stateMsg': '', 'taskId': ''}}
2020-07-07 17:15:47,204 - single - INFO - 请求参数为{'targetid': '4305685b17aa11e9b53f005056ad4128', 'sizes': '240x360', 'with': 100, 'height': 100, 'dpi': 120, 'quality': 0.95, 'proportion': 3}
2020-07-07 17:15:47,712 - single - INFO - 返回值为：{'stateCode': 200, 'stateMsg': 'OK', 'data': {'pictureUrl': '/tutu/system/20200707171547631_724874.jpg', 'thumbnailPictureUrl': '/tutu/system/20200707171547631_724874.jpg_100x100.jpg', 'standardPictureUrl': '', 'pictureName': 'T336F_06.jpg', 'pictureWidth': 600, 'pictureHeight': 900, 'stateMsg': '', 'taskId': ''}}
2020-07-07 17:15:47,713 - queryUserInfoList - INFO - url为:https://oc-api-uat.nailtutu.com/user/userInfo/queryUserInfoList?access_token=635fd264-ddaf-44d0-bec9-84d76888be47&lang=zh&timeStamp=20200707171547
2020-07-07 17:15:47,713 - queryUserInfoList - INFO - 请求的参数为:{'userType': 2, 'username': '', 'nickname': 'YaDAn7', 'mobile': '', 'email': '', 'userStatus': '0', 'currentPage': 1, 'pageSize': '20'}
2020-07-07 17:15:47,859 - queryUserInfoList - INFO - 返回的参数为:{'stateCode': 200, 'stateMsg': 'OK', 'currentPage': 1, 'pageSize': 20, 'totalNum': 1, 'totalPage': 1, 'data': [{'id': '1035d9cb11184ba881da0ed383b09dda', 'uid': 90001541, 'username': '涂涂1540', 'nickname': 'YaDAn7', 'email': None, 'mobile': '90000000019', 'lastName': '', 'firstName': '', 'headPortrait': '/tutu/system/20200707171459585_303736.png', 'headPortraitThumbnail': '/tutu/system/20200707171459585_303736.png_50x50.png', 'sex': 2, 'userStatus': '0', 'creatorId': '0463372db7ce402ab6f99574cc4d8d09', 'creatorName': 'admin@sunvalley.com.cn', 'createTime': '2020-07-07 17:15:04', 'modifierId': '', 'modifierName': '', 'modifyTime': None, 'recordState': 0, 'productLineId': 'b74ba81ad5de48dd9fab250f911b9157', 'clientId': '72e4664b6055411284eb3f9dc14fb280', 'tenantId': '61bf9fc4a862452c8e7f09ef0b4e9a42', 'birthday': '', 'country': '', 'province': '', 'area': '', 'city': '', 'address': '', 'industry': '', 'appOcShowStatus': 2}]}
2020-07-07 17:15:47,865 - queryTopicList - INFO - url为:https://oc-api-uat.nailtutu.com/oc/ugc/topic/queryTopicList?access_token=635fd264-ddaf-44d0-bec9-84d76888be47&lang=zh&timeStamp=20200707171547
2020-07-07 17:15:47,866 - queryTopicList - INFO - 请求的参数为:{'introduce': '', 'title': '澳门灯光秀', 'topicStatus': 1, 'currentPage': 1, 'pageSize': '20'}
2020-07-07 17:15:48,015 - queryTopicList - INFO - 返回的参数为:{'stateCode': 200, 'stateMsg': 'OK', 'testMsg': None, 'currentPage': 1, 'pageSize': 1, 'totalNum': 1, 'totalPage': 1, 'data': [{'id': '218fbfc4faff4b82b465b8607b3dacc3', 'imageUrl': '', 'imageLitimgUrl': '', 'title': '澳门灯光秀', 'introduce': '由澳门特区政府旅游局主办的“庆祝新中国成立70周年大型灯光秀”，29日晚在澳门标志性建筑大三巴牌坊上演', 'hot': 2830, 'weight': 100, 'praiseNum': 127, 'viewsNum': 1460, 'topicStatus': 1, 'creatorId': '0463372db7ce402ab6f99574cc4d8d09', 'creatorName': 'admin@sunvalley.com.cn', 'createTime': '2019-12-19 15:49:59', 'modifierId': '0463372db7ce402ab6f99574cc4d8d09', 'modifierName': 'admin@sunvalley.com.cn', 'modifyTime': '2020-04-16 16:58:04'}]}
2020-07-07 17:15:48,015 - addArticle - INFO - url为:https://oc-api-uat.nailtutu.com/oc/ugc/article/addArticle?access_token=635fd264-ddaf-44d0-bec9-84d76888be47&lang=zh&timeStamp=20200707171548
2020-07-07 17:15:48,016 - addArticle - INFO - 请求的参数为:{'articleType': 1, 'content': '渐变黑色美甲1', 'topicId': '218fbfc4faff4b82b465b8607b3dacc3', 'albumsId': '', 'articleStatus': 5, 'weight': '10', 'publishTime': '', 'imagesUrls': ['/tutu/system/20200707171544591_126272.jpg', '/tutu/system/20200707171545043_052580.jpg', '/tutu/system/20200707171545707_310803.jpg', '/tutu/system/20200707171546254_486690.jpg', '/tutu/system/20200707171547112_251455.jpg', '/tutu/system/20200707171547631_724874.jpg'], 'imagesLitimgUrls': ['/tutu/system/20200707171544591_126272.jpg_100x100.jpg', '/tutu/system/20200707171545043_052580.jpg_100x100.jpg', '/tutu/system/20200707171545707_310803.jpg_100x100.jpg', '/tutu/system/20200707171546254_486690.jpg_100x100.jpg', '/tutu/system/20200707171547112_251455.jpg_100x100.jpg', '/tutu/system/20200707171547631_724874.jpg_100x100.jpg'], 'imagesFallsUrl': '/tutu/system/20200707171544591_126272.jpg', 'imagesFallsLitimgUrl': '/tutu/system/20200707171544591_126272.jpg_100x100.jpg', 'praiseNumFake': '0', 'shareNumFake': '0', 'viewsNumFake': '0', 'userType': 2, 'creatorId': '1035d9cb11184ba881da0ed383b09dda', 'creatorUid': 90001541, 'creatorName': 'YaDAn7', 'creatorRealName': '', 'creatorPortrait': '/tutu/system/20200707171459585_303736.png', 'creatorPortraitLitimg': '/tutu/system/20200707171459585_303736.png_50x50.png'}
2020-07-07 17:15:48,186 - addArticle - INFO - 返回的参数为:{'stateCode': 200, 'stateMsg': 'OK', 'testMsg': None}
2020-07-07 17:15:48,186 - ocweb - INFO - ocweb退出登录的URL为:https://oc-api-uat.nailtutu.com/oauth/logout?timeStamp=20200707171548&access_token=635fd264-ddaf-44d0-bec9-84d76888be47&lang=zh
2020-07-07 17:15:48,186 - ocweb - INFO - 请求的参数为:{}
2020-07-07 17:15:48,321 - ocweb - INFO - 返回的参数为:{'stateCode': 200, 'stateMsg': 'OK'}
