2020-05-08 09:53:27,377 - FileParser - INFO - D:\learn\AutoUpLoad\data\笔记套图\notes.ini
2020-05-08 09:53:27,378 - FileParser - ERROR - 文件名不存在,请检查配置!
Traceback (most recent call last):
  File "D:\learn\AutoUpLoad\common\FileParsing.py", line 18, in __init__
    self.config.read(fileName, encoding='gbk')
  File "D:\python3.7.2\lib\configparser.py", line 696, in read
    self._read(fp, filename)
  File "D:\python3.7.2\lib\configparser.py", line 1014, in _read
    for lineno, line in enumerate(fp, start=1):
UnicodeDecodeError: 'gbk' codec can't decode byte 0xff in position 0: illegal multibyte sequence
2020-05-08 09:53:27,389 - ocweb - INFO - oc_web登录的url为：https://oc-api-uat.nailtutu.com/oauth/login
2020-05-08 09:53:27,389 - ocweb - INFO - 账号【admin@sunvalley.com.cn】开始登录oc_web......
2020-05-08 09:53:27,389 - ocweb - INFO - 请求的参数为:{'client_id': 'd6165bbf3d804c6196c0c6d7201de970', 'client_secret': '25f9e794323b453885f5181f1b624d0b', 'scope': 'all', 'grant_type': 'password', 'email': 'admin@sunvalley.com.cn', 'password': '7d3b32520a0dfa5b64055b1c1a0981d1', 'auth_type': 'email_password'}
2020-05-08 09:53:28,011 - ocweb - INFO - 返回的参数为:{'stateCode': 200, 'stateMsg': 'OK', 'data': {'access_token': '7a5fdab7-d28d-438d-ad7c-8a55170aa149', 'token_type': 'bearer', 'refresh_token': '9e2f4464-ea57-42db-b441-cc3be3f4079b', 'expires_in': 2528983, 'scope': 'all'}}
2020-05-08 09:53:28,015 - single - INFO - 上传-单图(缩略图自适应版)的URL为:https://oc-api-uat.nailtutu.com/file/picture-upload/single?timeStamp=20200508095328&access_token=7a5fdab7-d28d-438d-ad7c-8a55170aa149
2020-05-08 09:53:28,016 - single - INFO - 请求参数为{'targetid': '4305685b17aa11e9b53f005056ad4128', 'sizes': '240x360', 'with': 100, 'height': 100, 'dpi': 120, 'quality': 0.95, 'proportion': 3}
2020-05-08 09:53:28,671 - single - INFO - 返回值为：{'stateCode': 200, 'stateMsg': 'OK', 'data': {'pictureUrl': '/tutu/system/20200508095328574_443682.jpg', 'thumbnailPictureUrl': '/tutu/system/20200508095328574_443682.jpg_100x100.jpg', 'standardPictureUrl': '', 'pictureName': 'T336F_01.jpg', 'pictureWidth': 600, 'pictureHeight': 900, 'stateMsg': '', 'taskId': ''}}
2020-05-08 09:53:28,672 - single - INFO - 请求参数为{'targetid': '4305685b17aa11e9b53f005056ad4128', 'sizes': '240x360', 'with': 100, 'height': 100, 'dpi': 120, 'quality': 0.95, 'proportion': 3}
2020-05-08 09:53:29,400 - single - INFO - 返回值为：{'stateCode': 200, 'stateMsg': 'OK', 'data': {'pictureUrl': '/tutu/system/20200508095329339_441203.jpg', 'thumbnailPictureUrl': '/tutu/system/20200508095329339_441203.jpg_100x100.jpg', 'standardPictureUrl': '', 'pictureName': 'T336F_02.jpg', 'pictureWidth': 600, 'pictureHeight': 900, 'stateMsg': '', 'taskId': ''}}
2020-05-08 09:53:29,401 - single - INFO - 请求参数为{'targetid': '4305685b17aa11e9b53f005056ad4128', 'sizes': '240x360', 'with': 100, 'height': 100, 'dpi': 120, 'quality': 0.95, 'proportion': 3}
2020-05-08 09:53:30,586 - single - INFO - 返回值为：{'stateCode': 200, 'stateMsg': 'OK', 'data': {'pictureUrl': '/tutu/system/20200508095330512_774411.jpg', 'thumbnailPictureUrl': '/tutu/system/20200508095330512_774411.jpg_100x100.jpg', 'standardPictureUrl': '', 'pictureName': 'T336F_03.jpg', 'pictureWidth': 600, 'pictureHeight': 900, 'stateMsg': '', 'taskId': ''}}
2020-05-08 09:53:30,588 - single - INFO - 请求参数为{'targetid': '4305685b17aa11e9b53f005056ad4128', 'sizes': '240x360', 'with': 100, 'height': 100, 'dpi': 120, 'quality': 0.95, 'proportion': 3}
2020-05-08 09:53:31,508 - single - INFO - 返回值为：{'stateCode': 200, 'stateMsg': 'OK', 'data': {'pictureUrl': '/tutu/system/20200508095331450_000312.jpg', 'thumbnailPictureUrl': '/tutu/system/20200508095331450_000312.jpg_100x100.jpg', 'standardPictureUrl': '', 'pictureName': 'T336F_04.jpg', 'pictureWidth': 600, 'pictureHeight': 900, 'stateMsg': '', 'taskId': ''}}
2020-05-08 09:53:31,509 - single - INFO - 请求参数为{'targetid': '4305685b17aa11e9b53f005056ad4128', 'sizes': '240x360', 'with': 100, 'height': 100, 'dpi': 120, 'quality': 0.95, 'proportion': 3}
2020-05-08 09:53:32,719 - single - INFO - 返回值为：{'stateCode': 200, 'stateMsg': 'OK', 'data': {'pictureUrl': '/tutu/system/20200508095332652_644306.jpg', 'thumbnailPictureUrl': '/tutu/system/20200508095332652_644306.jpg_100x100.jpg', 'standardPictureUrl': '', 'pictureName': 'T336F_05.jpg', 'pictureWidth': 600, 'pictureHeight': 900, 'stateMsg': '', 'taskId': ''}}
2020-05-08 09:53:32,720 - single - INFO - 请求参数为{'targetid': '4305685b17aa11e9b53f005056ad4128', 'sizes': '240x360', 'with': 100, 'height': 100, 'dpi': 120, 'quality': 0.95, 'proportion': 3}
2020-05-08 09:53:33,561 - single - INFO - 返回值为：{'stateCode': 200, 'stateMsg': 'OK', 'data': {'pictureUrl': '/tutu/system/20200508095333499_522913.jpg', 'thumbnailPictureUrl': '/tutu/system/20200508095333499_522913.jpg_100x100.jpg', 'standardPictureUrl': '', 'pictureName': 'T336F_06.jpg', 'pictureWidth': 600, 'pictureHeight': 900, 'stateMsg': '', 'taskId': ''}}
2020-05-08 09:53:33,561 - queryUserInfoList - INFO - url为:https://oc-api-uat.nailtutu.com/user/userInfo/queryUserInfoList?access_token=7a5fdab7-d28d-438d-ad7c-8a55170aa149&lang=zh&timeStamp=20200508095333
